<?xml version="1.0" encoding="UTF-8"?>
<testsuite xmlns:xsi="http://www.w3.org/2001/XMLSchema-instance" xsi:noNamespaceSchemaLocation="https://maven.apache.org/surefire/maven-surefire-plugin/xsd/surefire-test-report-3.0.xsd" version="3.0" name="EvoMaster_faults_Test" time="1.305" tests="1" errors="0" skipped="0" failures="0">
  <properties>
[...]
</properties>
  <testcase name="test_0_postOnAdditional_properties_no_rootReturnsMismatchResponseWithSchema" classname="EvoMaster_faults_Test" time="0.909"/>
</testsuite>